app/build/intermediates/manifest_merge_blame_file/debug/manifest-merger-blame-debug-report.txt
1<?xml version="1.0" encoding="utf-8"?>
2<manifest xmlns:android="http://schemas.android.com/apk/res/android"
3    package="com.lulamile.comspace.orderapp"
4    android:versionCode="1"
5    android:versionName="1.0" >
6
7    <uses-sdk
7-->src\main\AndroidManifest.xml:7:5-47
8        android:minSdkVersion="16"
8-->src\main\AndroidManifest.xml:7:5-47
9        android:targetSdkVersion="29" />
9-->src\main\AndroidManifest.xml:7:15-44
10
11    <uses-permission android:name="android.permission.INTERNET" />
11-->src\main\AndroidManifest.xml:9:5-67
11-->src\main\AndroidManifest.xml:9:22-64
12    <uses-permission android:name="android.permission.WRITE_EXTERNAL_STORAGE" />
13    <uses-permission android:name="android.permission.READ_PHONE_STATE" />
14    <uses-permission android:name="android.permission.READ_EXTERNAL_STORAGE" />
15
16    <application
16-->src\main\AndroidManifest.xml:15:5-52:19
17        android:allowBackup="true"
17-->src\main\AndroidManifest.xml:16:9-35
18        android:appComponentFactory="androidx.core.app.CoreComponentFactory"
18-->[androidx.core:core:1.0.1] AndroidManifest.xml:22:18-86
19        android:debuggable="true"
20        android:icon="@drawable/applogo"
20-->src\main\AndroidManifest.xml:17:9-41
21        android:label="@string/app_name"
21-->src\main\AndroidManifest.xml:18:9-41
22        android:testOnly="true"
23        android:theme="@android:style/Theme.NoTitleBar" >
23-->src\main\AndroidManifest.xml:19:9-56
24        <activity
24-->src\main\AndroidManifest.xml:20:9-23:20
25            android:name="com.lulamile.comspace.orderapp.SlimpleTextClientActivity"
25-->src\main\AndroidManifest.xml:21:13-84
26            android:label="@string/app_name" >
26-->src\main\AndroidManifest.xml:22:13-45
27        </activity>
28        <activity
28-->src\main\AndroidManifest.xml:24:9-32:20
29            android:name="com.lulamile.comspace.orderapp.VirtualWaitress"
29-->src\main\AndroidManifest.xml:25:13-74
30            android:label="@string/title_activity_virtual_waitress" >
30-->src\main\AndroidManifest.xml:26:13-68
31            <intent-filter>
31-->src\main\AndroidManifest.xml:27:13-31:29
32                <action android:name="android.intent.action.MAIN" />
32-->src\main\AndroidManifest.xml:28:17-69
32-->src\main\AndroidManifest.xml:28:25-66
33
34                <category android:name="android.intent.category.LAUNCHER" />
34-->src\main\AndroidManifest.xml:30:17-77
34-->src\main\AndroidManifest.xml:30:27-74
35            </intent-filter>
36        </activity>
37        <activity android:name="com.lulamile.comspace.orderapp.Order_Type" >
37-->src\main\AndroidManifest.xml:33:9-34:20
37-->src\main\AndroidManifest.xml:33:19-75
38        </activity>
39        <activity android:name="com.lulamile.comspace.orderapp.Starters" >
39-->src\main\AndroidManifest.xml:35:9-36:20
39-->src\main\AndroidManifest.xml:35:19-73
40        </activity>
41        <activity android:name="com.lulamile.comspace.orderapp.Veg" >
41-->src\main\AndroidManifest.xml:37:9-38:20
41-->src\main\AndroidManifest.xml:37:19-68
42        </activity>
43        <activity android:name="com.lulamile.comspace.orderapp.N_Veg" >
43-->src\main\AndroidManifest.xml:39:9-40:20
43-->src\main\AndroidManifest.xml:39:19-70
44        </activity>
45        <activity android:name="com.lulamile.comspace.orderapp.Dessert" >
45-->src\main\AndroidManifest.xml:41:9-42:20
45-->src\main\AndroidManifest.xml:41:19-72
46        </activity>
47        <activity
47-->src\main\AndroidManifest.xml:44:9-47:20
48            android:name="com.lulamile.comspace.orderapp.finalize_order"
48-->src\main\AndroidManifest.xml:45:13-73
49            android:label="@string/title_activity_finalize_order" >
49-->src\main\AndroidManifest.xml:46:13-66
50        </activity>
51        <activity
51-->src\main\AndroidManifest.xml:48:9-51:20
52            android:name="com.lulamile.comspace.orderapp.thankyou"
52-->src\main\AndroidManifest.xml:49:13-67
53            android:label="@string/title_activity_thankyou" >
53-->src\main\AndroidManifest.xml:50:13-60
54        </activity>
55    </application>
56
57</manifest>